<?xml version="1.0" encoding="UTF-8"?>
<!-- Generated by org.testng.reporters.JUnitReportReporter -->
<testsuite hostname="DESKTOP-40I021D" failures="0" tests="2" name="test.TestNGClass" time="20.128" errors="0" timestamp="2022-09-19T21:37:54 IST" skipped="0">
  <testcase classname="test.TestNGClass" name="verifyReturnToMessenger" time="11.992"/>
  <system-out/>
  <testcase classname="test.TestNGClass" name="verifyVisitToOurHelpCenter" time="8.136"/>
  <system-out/>
</testsuite> <!-- test.TestNGClass -->
